<?xml version="1.0" encoding="UTF-8"?>
<Site BuildName="Linux-g++"
	BuildStamp="20230319-1337-Experimental"
	Name="LAPTOPNEPN19MC"
	Generator="ctest-3.18.4"
	CompilerName="/usr/bin/g++"
	CompilerVersion="10.2.1"
	OSName="Linux"
	Hostname="LAPTOPNEPN19MC"
	OSRelease="5.10.102.1-microsoft-standard-WSL2"
	OSVersion="#1 SMP Wed Mar 2 00:30:59 UTC 2022"
	OSPlatform="x86_64"
	Is64Bits="1"
	VendorString="GenuineIntel"
	VendorID="Intel Corporation"
	FamilyID="6"
	ModelID="158"
	ProcessorCacheSize="9216"
	NumberOfLogicalCPU="12"
	NumberOfPhysicalCPU="6"
	TotalVirtualMemory="2048"
	TotalPhysicalMemory="7884"
	LogicalProcessorsPerPhysical="2"
	ProcessorClockFrequency="2208.01"
	>
	<Testing>
		<StartDateTime>Mar 19 21:37 CST</StartDateTime>
		<StartTestTime>1679233076</StartTestTime>
		<TestList/>
		<EndDateTime>Mar 19 21:37 CST</EndDateTime>
		<EndTestTime>1679233076</EndTestTime>
		<ElapsedMinutes>0</ElapsedMinutes>
	</Testing>
</Site>
